{"level":"INFO","time":"2020-04-30 16:37:09.110","line":"database/txorm/engine_test.go:48","msg":"[\n\t{\n\t\t\"id\": \"root\",\n\t\t\"account\": \"root\"\n\t}\n]"}
{"level":"INFO","time":"2020-04-30 16:37:29.667","line":"database/txorm/engine_test.go:48","msg":"[{\"id\":\"root\",\"account\":\"root\"}]"}
{"level":"INFO","time":"2020-04-30 16:52:12.109","msg":"[xorm] [info]  2020/04/30 16:52:12.070208 [SQL] \n\t\tselect * from user where account = ?\n\t [root] - 13.9914ms\n"}
{"level":"INFO","time":"2020-04-30 16:52:12.110","line":"database/txorm/engine_test.go:48","msg":"[{\"id\":\"root\",\"account\":\"root\"}]"}
2020-04-30 17:07:32.531	INFO	[xorm] [info]  2020/04/30 17:07:32.512832 [SQL] 
		select * from user where account = ?
	 [root] - 10.9933ms

2020-04-30 17:07:32.532	INFO	database/txorm/engine_test.go:48	[{"id":"root","account":"root"}]
INFO	[xorm] [info]  2020/04/30 17:11:35.010808 [SQL] 
		select * from user where account = ?
	 [root] - 11.9958ms

INFO	database/txorm/engine_test.go:48	[{"id":"root","account":"root"}]
[xorm] [info]  2020/04/30 17:11:47.058788 [SQL] 
		select * from user where account = ?
	 [root] - 19.9896ms

database/txorm/engine_test.go:48	[{"id":"root","account":"root"}]
2020-04-30 17:15:26.716	INFO	[xorm] [info]  2020/04/30 17:15:26.694005 [SQL] 
		select * from user where account = ?
	 [root] - 14.9879ms

2020-04-30 17:15:26.717	INFO	database/txorm/engine_test.go:48	[{"id":"root","account":"root"}]
2020-04-30 17:15:33.252	INFO	[xorm] [info]  2020/04/30 17:15:33.233170 [SQL] 
		select * from user where account = ?
	 [root] - 10.9952ms

2020-04-30 17:15:33.253	INFO	database/txorm/engine_test.go:48	[{"id":"root","account":"root"}]
[xorm] [info]  2020/04/30 17:15:57.186963 [SQL] 
		select * from user where account = ?
	 [root] - 18.9884ms

2020-04-30 17:15:57.214	INFO	database/txorm/engine_test.go:48	[{"id":"root","account":"root"}]
[xorm] [info]  2020/04/30 17:21:47.882241 [SQL] 
		select * from user where account = ?
	 [root] - 10.9952ms

2020-04-30 17:21:47.902	INFO	txorm/engine_test.go:47	[{"id":"root","account":"root"}]
[xorm] [info]  2020/05/07 13:11:22.910496 [SQL] 
		select * from user where account = ?
	 [root] - 14.9941ms

2020-05-07 13:11:22.935	INFO	database/txorm/engine_test.go:47	[{"id":"root","account":"root"}]
[xorm] [info]  2020/05/07 13:14:24.112104 [SQL] 
		select * from user where account = ?
	 [root] - 10.9936ms

[xorm] [info]  2020/05/07 13:14:24.142085 [SQL] 
		select * from user where account = ?
	 [root] - 990.9µs

2020-05-07 13:14:24.142	INFO	database/txorm/engine_test.go:62	[{"id":"root","account":"root"}]
